<?xml version="1.0" encoding="UTF-8"?>
<!-- Generated by org.testng.reporters.JUnitXMLReporter -->
<testsuite ignored="0" hostname="DESKTOP-SQDPO82" failures="1" tests="3" name="SmokeTest" time="60.333" errors="0" timestamp="2024-11-19T20:24:52 IST">
  <testcase classname="com.sevenrmartsupermart.tests.LoginTest" name="verifyAdminUserLogin" time="9.52">
    <failure type="java.lang.AssertionError" message="expected [Admin] but found [Password]">
      <![CDATA[java.lang.AssertionError: expected [Admin] but found [Password]
at com.sevenrmartsupermart.tests.LoginTest.verifyAdminUserLogin(LoginTest.java:30)
at java.base/java.util.ArrayList.forEach(ArrayList.java:1511)
... Removed 33 stack frames]]>
    </failure>
  </testcase> <!-- verifyAdminUserLogin -->
  <testcase classname="com.sevenrmartsupermart.tests.LoginTest" name="verifyInvalidLogin" time="5.273"/>
  <testcase classname="com.sevenrmartsupermart.tests.LoginTest" name="verifySignInButtonEnabled" time="0.477"/>
</testsuite> <!-- SmokeTest -->
