<?xml version="1.0" encoding="UTF-8"?>
<!-- Generated by org.testng.reporters.JUnitXMLReporter -->
<testsuite ignored="0" hostname="DESKTOP-SQDPO82" failures="1" tests="3" name="Executing in Edge" time="65.202" errors="0" timestamp="2024-11-20T20:31:25 IST">
  <testcase classname="com.sevenrmartsupermart.tests.LoginTest" name="verifyAdminUserLogin" time="2.518">
    <failure type="java.lang.AssertionError" message="expected [Admin] but found [Password]">
      <![CDATA[java.lang.AssertionError: expected [Admin] but found [Password]
at com.sevenrmartsupermart.tests.LoginTest.verifyAdminUserLogin(LoginTest.java:30)
at java.base/java.util.ArrayList.forEach(ArrayList.java:1511)
at java.base/java.util.concurrent.FutureTask.run(FutureTask.java:264)
at java.base/java.util.concurrent.ThreadPoolExecutor.runWorker(ThreadPoolExecutor.java:1136)
at java.base/java.util.concurrent.ThreadPoolExecutor$Worker.run(ThreadPoolExecutor.java:635)
at java.base/java.lang.Thread.run(Thread.java:842)
... Removed 23 stack frames]]>
    </failure>
  </testcase> <!-- verifyAdminUserLogin -->
  <testcase classname="com.sevenrmartsupermart.tests.LoginTest" name="verifyInvalidLogin" time="2.039"/>
  <testcase classname="com.sevenrmartsupermart.tests.LoginTest" name="verifySignInButtonEnabled" time="0.102"/>
</testsuite> <!-- Executing in Edge -->
